<?xml version="1.0" encoding="UTF-8"?>
<!-- Generated by org.testng.reporters.JUnitReportReporter -->
<testsuite skipped="0" hostname="DESKTOP-5A4UMOQ" name="tests.Tests" tests="5" failures="0" timestamp="8 Feb 2021 19:04:29 GMT" time="8.880" errors="0">
  <testcase name="goToUrl" time="0.102" classname="tests.Tests"/>
  <testcase name="alogIn" time="2.128" classname="tests.Tests"/>
  <testcase name="cLogInExcel" time="5.016" classname="tests.Tests"/>
  <testcase name="sort" time="0.480" classname="tests.Tests"/>
  <testcase name="bLogIn" time="1.154" classname="tests.Tests"/>
</testsuite> <!-- tests.Tests -->
